# JRE version: OpenJDK Runtime Environment (17.0.6) (build 17.0.6+0-17.0.6b829.9-10027231)
# Java VM: OpenJDK 64-Bit Server VM (17.0.6+0-17.0.6b829.9-10027231, mixed mode, tiered, compressed oops, compressed class ptrs, g1 gc, bsd-amd64)
GC Precious Log:
 CPUs: 4 total, 4 available
 Memory: 16384M
 Large Page Support: Disabled
 NUMA Support: Disabled
 Compressed Oops: Enabled (Zero based)
 Heap Region Size: 1M
 Heap Min Capacity: 8M
 Heap Initial Capacity: 256M
 Heap Max Capacity: 512M
 Pre-touch: Disabled
 Parallel Workers: 4
 Concurrent Workers: 1
 Concurrent Refinement Workers: 4
 Periodic GC: Disabled
Heap:
 garbage-first heap   total 78848K, used 59440K [0x00000007e0000000, 0x0000000800000000)
  region size 1024K, 28 young (28672K), 3 survivors (3072K)
 Metaspace       used 34224K, committed 34496K, reserved 1081344K
  class space    used 4042K, committed 4160K, reserved 1048576K
GC Heap History (20 events):
Event: 4.268 GC heap before
{Heap before GC invocations=6 (full 0):
 garbage-first heap   total 65536K, used 49458K [0x00000007e0000000, 0x0000000800000000)
  region size 1024K, 42 young (43008K), 9 survivors (9216K)
 Metaspace       used 22404K, committed 22656K, reserved 1073152K
  class space    used 2457K, committed 2560K, reserved 1048576K
}
Event: 4.279 GC heap after
{Heap after GC invocations=7 (full 0):
 garbage-first heap   total 65536K, used 18491K [0x00000007e0000000, 0x0000000800000000)
  region size 1024K, 11 young (11264K), 11 survivors (11264K)
 Metaspace       used 22404K, committed 22656K, reserved 1073152K
  class space    used 2457K, committed 2560K, reserved 1048576K
}
Event: 4.507 GC heap before
{Heap before GC invocations=7 (full 0):
 garbage-first heap   total 65536K, used 46139K [0x00000007e0000000, 0x0000000800000000)
  region size 1024K, 38 young (38912K), 11 survivors (11264K)
 Metaspace       used 23369K, committed 23616K, reserved 1073152K
  class space    used 2564K, committed 2688K, reserved 1048576K
}
Event: 4.520 GC heap after
{Heap after GC invocations=8 (full 0):
 garbage-first heap   total 65536K, used 20821K [0x00000007e0000000, 0x0000000800000000)
  region size 1024K, 5 young (5120K), 5 survivors (5120K)
 Metaspace       used 23369K, committed 23616K, reserved 1073152K
  class space    used 2564K, committed 2688K, reserved 1048576K
}
Event: 4.737 GC heap before
{Heap before GC invocations=8 (full 0):
 garbage-first heap   total 65536K, used 48469K [0x00000007e0000000, 0x0000000800000000)
  region size 1024K, 32 young (32768K), 5 survivors (5120K)
 Metaspace       used 24353K, committed 24640K, reserved 1073152K
  class space    used 2679K, committed 2816K, reserved 1048576K
}
Event: 4.741 GC heap after
{Heap after GC invocations=9 (full 0):
 garbage-first heap   total 65536K, used 21545K [0x00000007e0000000, 0x0000000800000000)
  region size 1024K, 2 young (2048K), 2 survivors (2048K)
 Metaspace       used 24353K, committed 24640K, reserved 1073152K
  class space    used 2679K, committed 2816K, reserved 1048576K
}
Event: 5.010 GC heap before
{Heap before GC invocations=9 (full 0):
 garbage-first heap   total 65536K, used 49193K [0x00000007e0000000, 0x0000000800000000)
  region size 1024K, 29 young (29696K), 2 survivors (2048K)
 Metaspace       used 25442K, committed 25600K, reserved 1073152K
  class space    used 2801K, committed 2880K, reserved 1048576K
}
Event: 5.013 GC heap after
{Heap after GC invocations=10 (full 0):
 garbage-first heap   total 65536K, used 23905K [0x00000007e0000000, 0x0000000800000000)
  region size 1024K, 4 young (4096K), 4 survivors (4096K)
 Metaspace       used 25442K, committed 25600K, reserved 1073152K
  class space    used 2801K, committed 2880K, reserved 1048576K
}
Event: 5.246 GC heap before
{Heap before GC invocations=10 (full 0):
 garbage-first heap   total 65536K, used 48481K [0x00000007e0000000, 0x0000000800000000)
  region size 1024K, 29 young (29696K), 4 survivors (4096K)
 Metaspace       used 26374K, committed 26560K, reserved 1073152K
  class space    used 2900K, committed 3008K, reserved 1048576K
}
Event: 5.251 GC heap after
{Heap after GC invocations=11 (full 0):
 garbage-first heap   total 65536K, used 24785K [0x00000007e0000000, 0x0000000800000000)
  region size 1024K, 1 young (1024K), 1 survivors (1024K)
 Metaspace       used 26374K, committed 26560K, reserved 1073152K
  class space    used 2900K, committed 3008K, reserved 1048576K
}
Event: 5.524 GC heap before
{Heap before GC invocations=11 (full 0):
 garbage-first heap   total 65536K, used 51409K [0x00000007e0000000, 0x0000000800000000)
  region size 1024K, 27 young (27648K), 1 survivors (1024K)
 Metaspace       used 27892K, committed 28096K, reserved 1081344K
  class space    used 3173K, committed 3264K, reserved 1048576K
}
Event: 5.528 GC heap after
{Heap after GC invocations=12 (full 0):
 garbage-first heap   total 78848K, used 26623K [0x00000007e0000000, 0x0000000800000000)
  region size 1024K, 3 young (3072K), 3 survivors (3072K)
 Metaspace       used 27892K, committed 28096K, reserved 1081344K
  class space    used 3173K, committed 3264K, reserved 1048576K
}
Event: 5.876 GC heap before
{Heap before GC invocations=12 (full 0):
 garbage-first heap   total 78848K, used 61439K [0x00000007e0000000, 0x0000000800000000)
  region size 1024K, 37 young (37888K), 3 survivors (3072K)
 Metaspace       used 29663K, committed 29888K, reserved 1081344K
  class space    used 3470K, committed 3584K, reserved 1048576K
}
Event: 5.883 GC heap after
{Heap after GC invocations=13 (full 0):
 garbage-first heap   total 78848K, used 30231K [0x00000007e0000000, 0x0000000800000000)
  region size 1024K, 5 young (5120K), 5 survivors (5120K)
 Metaspace       used 29663K, committed 29888K, reserved 1081344K
  class space    used 3470K, committed 3584K, reserved 1048576K
}
Event: 6.416 GC heap before
{Heap before GC invocations=13 (full 0):
 garbage-first heap   total 78848K, used 60951K [0x00000007e0000000, 0x0000000800000000)
  region size 1024K, 35 young (35840K), 5 survivors (5120K)
 Metaspace       used 31022K, committed 31296K, reserved 1081344K
  class space    used 3666K, committed 3776K, reserved 1048576K
}
Event: 6.424 GC heap after
{Heap after GC invocations=14 (full 0):
 garbage-first heap   total 78848K, used 33865K [0x00000007e0000000, 0x0000000800000000)
  region size 1024K, 4 young (4096K), 4 survivors (4096K)
 Metaspace       used 31022K, committed 31296K, reserved 1081344K
  class space    used 3666K, committed 3776K, reserved 1048576K
}
Event: 6.745 GC heap before
{Heap before GC invocations=14 (full 0):
 garbage-first heap   total 78848K, used 60489K [0x00000007e0000000, 0x0000000800000000)
  region size 1024K, 30 young (30720K), 4 survivors (4096K)
 Metaspace       used 31983K, committed 32192K, reserved 1081344K
  class space    used 3761K, committed 3840K, reserved 1048576K
}
Event: 6.749 GC heap after
{Heap after GC invocations=15 (full 0):
 garbage-first heap   total 78848K, used 33984K [0x00000007e0000000, 0x0000000800000000)
  region size 1024K, 2 young (2048K), 2 survivors (2048K)
 Metaspace       used 31983K, committed 32192K, reserved 1081344K
  class space    used 3761K, committed 3840K, reserved 1048576K
}
Event: 7.073 GC heap before
{Heap before GC invocations=15 (full 0):
 garbage-first heap   total 78848K, used 61632K [0x00000007e0000000, 0x0000000800000000)
  region size 1024K, 29 young (29696K), 2 survivors (2048K)
 Metaspace       used 33053K, committed 33280K, reserved 1081344K
  class space    used 3878K, committed 3968K, reserved 1048576K
}
Event: 7.078 GC heap after
{Heap after GC invocations=16 (full 0):
 garbage-first heap   total 78848K, used 34864K [0x00000007e0000000, 0x0000000800000000)
  region size 1024K, 3 young (3072K), 3 survivors (3072K)
 Metaspace       used 33053K, committed 33280K, reserved 1081344K
  class space    used 3878K, committed 3968K, reserved 1048576K
}

